<?xml version="1.0" encoding="UTF-8"?>
<!-- Generated by org.testng.reporters.JUnitXMLReporter -->
<testsuite ignored="0" hostname="LAPTOP-V51SB4NR" failures="0" tests="3" name="Test" time="3.766" errors="0" timestamp="2022-12-23T15:51:32 IST">
  <testcase classname="com.test.testcases.NewTestCase" name="testRunPlaceHolder" time="2.953"/>
  <testcase classname="com.test.testcases.NewTestCase" name="testRunEmployee" time="0.38"/>
  <testcase classname="com.test.testcases.EmployeeRestVerification" name="testRunPlaceHolder" time="0.364"/>
</testsuite> <!-- Test -->
