<?xml version="1.0" encoding="UTF-8"?>
<testng-results ignored="0" total="3" passed="3" failed="0" skipped="0">
  <reporter-output>
  </reporter-output>
  <suite started-at="2022-12-25T17:11:46 IST" name="Suite" finished-at="2022-12-25T17:11:49 IST" duration-ms="2614">
    <groups>
      <group name="test">
        <method signature="EmployeeRestVerification.testRunPlaceHolder()[pri:1, instance:com.test.testcases.EmployeeRestVerification@d5b810e]" name="testRunPlaceHolder" class="com.test.testcases.EmployeeRestVerification"/>
      </group> <!-- test -->
      <group name="get">
        <method signature="NewTestCase.testRunEmployee()[pri:2, instance:com.test.testcases.NewTestCase@48974e45]" name="testRunEmployee" class="com.test.testcases.NewTestCase"/>
        <method signature="NewTestCase.testRunPlaceHolder()[pri:1, instance:com.test.testcases.NewTestCase@48974e45]" name="testRunPlaceHolder" class="com.test.testcases.NewTestCase"/>
      </group> <!-- get -->
      <group name="smoke">
        <method signature="NewTestCase.testRunEmployee()[pri:2, instance:com.test.testcases.NewTestCase@48974e45]" name="testRunEmployee" class="com.test.testcases.NewTestCase"/>
        <method signature="NewTestCase.testRunPlaceHolder()[pri:1, instance:com.test.testcases.NewTestCase@48974e45]" name="testRunPlaceHolder" class="com.test.testcases.NewTestCase"/>
      </group> <!-- smoke -->
    </groups>
    <test started-at="2022-12-25T17:11:46 IST" name="FirstTest" finished-at="2022-12-25T17:11:48 IST" duration-ms="2241">
      <class name="com.test.testcases.NewTestCase">
        <test-method signature="testRunPlaceHolder()[pri:1, instance:com.test.testcases.NewTestCase@48974e45]" started-at="2022-12-25T17:11:46 IST" name="testRunPlaceHolder" finished-at="2022-12-25T17:11:48 IST" duration-ms="1782" status="PASS">
          <reporter-output>
          </reporter-output>
        </test-method> <!-- testRunPlaceHolder -->
        <test-method signature="testRunEmployee()[pri:2, instance:com.test.testcases.NewTestCase@48974e45]" started-at="2022-12-25T17:11:48 IST" name="testRunEmployee" finished-at="2022-12-25T17:11:48 IST" duration-ms="411" status="PASS">
          <reporter-output>
          </reporter-output>
        </test-method> <!-- testRunEmployee -->
      </class> <!-- com.test.testcases.NewTestCase -->
    </test> <!-- FirstTest -->
    <test started-at="2022-12-25T17:11:48 IST" name="SecondTest" finished-at="2022-12-25T17:11:49 IST" duration-ms="337">
      <class name="com.test.testcases.EmployeeRestVerification">
        <test-method signature="testRunPlaceHolder()[pri:1, instance:com.test.testcases.EmployeeRestVerification@d5b810e]" started-at="2022-12-25T17:11:48 IST" name="testRunPlaceHolder" finished-at="2022-12-25T17:11:49 IST" duration-ms="333" status="PASS">
          <reporter-output>
          </reporter-output>
        </test-method> <!-- testRunPlaceHolder -->
      </class> <!-- com.test.testcases.EmployeeRestVerification -->
    </test> <!-- SecondTest -->
  </suite> <!-- Suite -->
</testng-results>
